14-Apr-2016 14:16:18.362 INFO [main] org.apache.catalina.startup.VersionLoggerListener.log Server version:        Apache Tomcat/8.0.33
14-Apr-2016 14:16:18.364 INFO [main] org.apache.catalina.startup.VersionLoggerListener.log Server built:          Mar 18 2016 20:31:49 UTC
14-Apr-2016 14:16:18.364 INFO [main] org.apache.catalina.startup.VersionLoggerListener.log Server number:         8.0.33.0
14-Apr-2016 14:16:18.364 INFO [main] org.apache.catalina.startup.VersionLoggerListener.log OS Name:               Mac OS X
14-Apr-2016 14:16:18.364 INFO [main] org.apache.catalina.startup.VersionLoggerListener.log OS Version:            10.11.4
14-Apr-2016 14:16:18.364 INFO [main] org.apache.catalina.startup.VersionLoggerListener.log Architecture:          x86_64
14-Apr-2016 14:16:18.364 INFO [main] org.apache.catalina.startup.VersionLoggerListener.log Java Home:             /Library/Java/JavaVirtualMachines/jdk1.7.0_51.jdk/Contents/Home/jre
14-Apr-2016 14:16:18.364 INFO [main] org.apache.catalina.startup.VersionLoggerListener.log JVM Version:           1.7.0_51-b13
14-Apr-2016 14:16:18.364 INFO [main] org.apache.catalina.startup.VersionLoggerListener.log JVM Vendor:            Oracle Corporation
14-Apr-2016 14:16:18.364 INFO [main] org.apache.catalina.startup.VersionLoggerListener.log CATALINA_BASE:         /Users/Amy/Desktop/tomcat
14-Apr-2016 14:16:18.365 INFO [main] org.apache.catalina.startup.VersionLoggerListener.log CATALINA_HOME:         /Users/Amy/Desktop/tomcat
14-Apr-2016 14:16:18.365 INFO [main] org.apache.catalina.startup.VersionLoggerListener.log Command line argument: -Djava.util.logging.config.file=/Users/Amy/Desktop/tomcat/conf/logging.properties
14-Apr-2016 14:16:18.365 INFO [main] org.apache.catalina.startup.VersionLoggerListener.log Command line argument: -Djava.util.logging.manager=org.apache.juli.ClassLoaderLogManager
14-Apr-2016 14:16:18.365 INFO [main] org.apache.catalina.startup.VersionLoggerListener.log Command line argument: -Djava.endorsed.dirs=/Users/Amy/Desktop/tomcat/endorsed
14-Apr-2016 14:16:18.365 INFO [main] org.apache.catalina.startup.VersionLoggerListener.log Command line argument: -Dcatalina.base=/Users/Amy/Desktop/tomcat
14-Apr-2016 14:16:18.366 INFO [main] org.apache.catalina.startup.VersionLoggerListener.log Command line argument: -Dcatalina.home=/Users/Amy/Desktop/tomcat
14-Apr-2016 14:16:18.366 INFO [main] org.apache.catalina.startup.VersionLoggerListener.log Command line argument: -Djava.io.tmpdir=/Users/Amy/Desktop/tomcat/temp
14-Apr-2016 14:16:18.366 INFO [main] org.apache.catalina.core.AprLifecycleListener.lifecycleEvent The APR based Apache Tomcat Native library which allows optimal performance in production environments was not found on the java.library.path: /Users/Amy/Library/Java/Extensions:/Library/Java/Extensions:/Network/Library/Java/Extensions:/System/Library/Java/Extensions:/usr/lib/java:.
14-Apr-2016 14:16:19.761 INFO [main] org.apache.coyote.AbstractProtocol.init Initializing ProtocolHandler ["http-nio-8080"]
14-Apr-2016 14:16:20.025 INFO [main] org.apache.tomcat.util.net.NioSelectorPool.getSharedSelector Using a shared selector for servlet write/read
14-Apr-2016 14:16:20.030 INFO [main] org.apache.coyote.AbstractProtocol.init Initializing ProtocolHandler ["ajp-nio-8009"]
14-Apr-2016 14:16:20.032 INFO [main] org.apache.tomcat.util.net.NioSelectorPool.getSharedSelector Using a shared selector for servlet write/read
14-Apr-2016 14:16:20.033 INFO [main] org.apache.catalina.startup.Catalina.load Initialization processed in 4856 ms
14-Apr-2016 14:16:20.286 INFO [main] org.apache.catalina.core.StandardService.startInternal Starting service Catalina
14-Apr-2016 14:16:20.286 INFO [main] org.apache.catalina.core.StandardEngine.startInternal Starting Servlet Engine: Apache Tomcat/8.0.33
14-Apr-2016 14:16:20.400 INFO [localhost-startStop-1] org.apache.catalina.startup.HostConfig.deployDirectory Deploying web application directory /Users/Amy/Desktop/tomcat/webapps/docs
14-Apr-2016 14:16:21.987 INFO [localhost-startStop-1] org.apache.catalina.util.SessionIdGeneratorBase.createSecureRandom Creation of SecureRandom instance for session ID generation using [SHA1PRNG] took [124] milliseconds.
14-Apr-2016 14:16:22.125 INFO [localhost-startStop-1] org.apache.catalina.startup.HostConfig.deployDirectory Deployment of web application directory /Users/Amy/Desktop/tomcat/webapps/docs has finished in 1,725 ms
14-Apr-2016 14:16:22.126 INFO [localhost-startStop-1] org.apache.catalina.startup.HostConfig.deployDirectory Deploying web application directory /Users/Amy/Desktop/tomcat/webapps/examples
14-Apr-2016 14:16:26.655 INFO [localhost-startStop-1] org.apache.catalina.startup.HostConfig.deployDirectory Deployment of web application directory /Users/Amy/Desktop/tomcat/webapps/examples has finished in 4,529 ms
14-Apr-2016 14:16:26.655 INFO [localhost-startStop-1] org.apache.catalina.startup.HostConfig.deployDirectory Deploying web application directory /Users/Amy/Desktop/tomcat/webapps/hello
14-Apr-2016 14:16:27.138 INFO [localhost-startStop-1] org.apache.catalina.startup.HostConfig.deployDirectory Deployment of web application directory /Users/Amy/Desktop/tomcat/webapps/hello has finished in 483 ms
14-Apr-2016 14:16:27.139 INFO [localhost-startStop-1] org.apache.catalina.startup.HostConfig.deployDirectory Deploying web application directory /Users/Amy/Desktop/tomcat/webapps/host-manager
14-Apr-2016 14:16:27.518 INFO [localhost-startStop-1] org.apache.catalina.startup.HostConfig.deployDirectory Deployment of web application directory /Users/Amy/Desktop/tomcat/webapps/host-manager has finished in 379 ms
14-Apr-2016 14:16:27.519 INFO [localhost-startStop-1] org.apache.catalina.startup.HostConfig.deployDirectory Deploying web application directory /Users/Amy/Desktop/tomcat/webapps/manager
14-Apr-2016 14:16:27.674 INFO [localhost-startStop-1] org.apache.catalina.startup.HostConfig.deployDirectory Deployment of web application directory /Users/Amy/Desktop/tomcat/webapps/manager has finished in 154 ms
14-Apr-2016 14:16:27.674 INFO [localhost-startStop-1] org.apache.catalina.startup.HostConfig.deployDirectory Deploying web application directory /Users/Amy/Desktop/tomcat/webapps/ROOT
14-Apr-2016 14:16:27.820 INFO [localhost-startStop-1] org.apache.catalina.startup.HostConfig.deployDirectory Deployment of web application directory /Users/Amy/Desktop/tomcat/webapps/ROOT has finished in 146 ms
14-Apr-2016 14:16:27.825 INFO [main] org.apache.coyote.AbstractProtocol.start Starting ProtocolHandler ["http-nio-8080"]
14-Apr-2016 14:16:27.831 INFO [main] org.apache.coyote.AbstractProtocol.start Starting ProtocolHandler ["ajp-nio-8009"]
14-Apr-2016 14:16:27.832 INFO [main] org.apache.catalina.startup.Catalina.start Server startup in 7799 ms
