12-Apr-2016 20:21:39.781 INFO [main] org.apache.catalina.startup.VersionLoggerListener.log Server version:        Apache Tomcat/8.0.33
12-Apr-2016 20:21:39.783 INFO [main] org.apache.catalina.startup.VersionLoggerListener.log Server built:          Mar 18 2016 20:31:49 UTC
12-Apr-2016 20:21:39.783 INFO [main] org.apache.catalina.startup.VersionLoggerListener.log Server number:         8.0.33.0
12-Apr-2016 20:21:39.784 INFO [main] org.apache.catalina.startup.VersionLoggerListener.log OS Name:               Mac OS X
12-Apr-2016 20:21:39.784 INFO [main] org.apache.catalina.startup.VersionLoggerListener.log OS Version:            10.10.5
12-Apr-2016 20:21:39.784 INFO [main] org.apache.catalina.startup.VersionLoggerListener.log Architecture:          x86_64
12-Apr-2016 20:21:39.784 INFO [main] org.apache.catalina.startup.VersionLoggerListener.log Java Home:             /Library/Java/JavaVirtualMachines/jdk1.7.0_51.jdk/Contents/Home/jre
12-Apr-2016 20:21:39.784 INFO [main] org.apache.catalina.startup.VersionLoggerListener.log JVM Version:           1.7.0_51-b13
12-Apr-2016 20:21:39.784 INFO [main] org.apache.catalina.startup.VersionLoggerListener.log JVM Vendor:            Oracle Corporation
12-Apr-2016 20:21:39.784 INFO [main] org.apache.catalina.startup.VersionLoggerListener.log CATALINA_BASE:         /Users/Amy/Desktop/tomcat
12-Apr-2016 20:21:39.784 INFO [main] org.apache.catalina.startup.VersionLoggerListener.log CATALINA_HOME:         /Users/Amy/Desktop/tomcat
12-Apr-2016 20:21:39.785 INFO [main] org.apache.catalina.startup.VersionLoggerListener.log Command line argument: -Djava.util.logging.config.file=/Users/Amy/Desktop/tomcat/conf/logging.properties
12-Apr-2016 20:21:39.785 INFO [main] org.apache.catalina.startup.VersionLoggerListener.log Command line argument: -Djava.util.logging.manager=org.apache.juli.ClassLoaderLogManager
12-Apr-2016 20:21:39.785 INFO [main] org.apache.catalina.startup.VersionLoggerListener.log Command line argument: -Djava.endorsed.dirs=/Users/Amy/Desktop/tomcat/endorsed
12-Apr-2016 20:21:39.785 INFO [main] org.apache.catalina.startup.VersionLoggerListener.log Command line argument: -Dcatalina.base=/Users/Amy/Desktop/tomcat
12-Apr-2016 20:21:39.785 INFO [main] org.apache.catalina.startup.VersionLoggerListener.log Command line argument: -Dcatalina.home=/Users/Amy/Desktop/tomcat
12-Apr-2016 20:21:39.785 INFO [main] org.apache.catalina.startup.VersionLoggerListener.log Command line argument: -Djava.io.tmpdir=/Users/Amy/Desktop/tomcat/temp
12-Apr-2016 20:21:39.785 INFO [main] org.apache.catalina.core.AprLifecycleListener.lifecycleEvent The APR based Apache Tomcat Native library which allows optimal performance in production environments was not found on the java.library.path: /Users/Amy/Library/Java/Extensions:/Library/Java/Extensions:/Network/Library/Java/Extensions:/System/Library/Java/Extensions:/usr/lib/java:.
12-Apr-2016 20:21:41.068 INFO [main] org.apache.coyote.AbstractProtocol.init Initializing ProtocolHandler ["http-nio-8080"]
12-Apr-2016 20:21:41.269 INFO [main] org.apache.tomcat.util.net.NioSelectorPool.getSharedSelector Using a shared selector for servlet write/read
12-Apr-2016 20:21:41.272 INFO [main] org.apache.coyote.AbstractProtocol.init Initializing ProtocolHandler ["ajp-nio-8009"]
12-Apr-2016 20:21:41.275 INFO [main] org.apache.tomcat.util.net.NioSelectorPool.getSharedSelector Using a shared selector for servlet write/read
12-Apr-2016 20:21:41.276 INFO [main] org.apache.catalina.startup.Catalina.load Initialization processed in 3719 ms
12-Apr-2016 20:21:41.406 INFO [main] org.apache.catalina.core.StandardService.startInternal Starting service Catalina
12-Apr-2016 20:21:41.406 INFO [main] org.apache.catalina.core.StandardEngine.startInternal Starting Servlet Engine: Apache Tomcat/8.0.33
12-Apr-2016 20:21:41.444 INFO [localhost-startStop-1] org.apache.catalina.startup.HostConfig.deployDirectory Deploying web application directory /Users/Amy/Desktop/tomcat/webapps/docs
12-Apr-2016 20:21:43.919 INFO [localhost-startStop-1] org.apache.catalina.util.SessionIdGeneratorBase.createSecureRandom Creation of SecureRandom instance for session ID generation using [SHA1PRNG] took [1,120] milliseconds.
12-Apr-2016 20:21:44.317 INFO [localhost-startStop-1] org.apache.catalina.startup.HostConfig.deployDirectory Deployment of web application directory /Users/Amy/Desktop/tomcat/webapps/docs has finished in 2,873 ms
12-Apr-2016 20:21:44.317 INFO [localhost-startStop-1] org.apache.catalina.startup.HostConfig.deployDirectory Deploying web application directory /Users/Amy/Desktop/tomcat/webapps/examples
12-Apr-2016 20:21:47.519 INFO [localhost-startStop-1] org.apache.catalina.startup.HostConfig.deployDirectory Deployment of web application directory /Users/Amy/Desktop/tomcat/webapps/examples has finished in 3,202 ms
12-Apr-2016 20:21:47.535 INFO [localhost-startStop-1] org.apache.catalina.startup.HostConfig.deployDirectory Deploying web application directory /Users/Amy/Desktop/tomcat/webapps/host-manager
12-Apr-2016 20:21:47.619 INFO [localhost-startStop-1] org.apache.catalina.startup.HostConfig.deployDirectory Deployment of web application directory /Users/Amy/Desktop/tomcat/webapps/host-manager has finished in 83 ms
12-Apr-2016 20:21:47.619 INFO [localhost-startStop-1] org.apache.catalina.startup.HostConfig.deployDirectory Deploying web application directory /Users/Amy/Desktop/tomcat/webapps/manager
12-Apr-2016 20:21:47.742 INFO [localhost-startStop-1] org.apache.catalina.startup.HostConfig.deployDirectory Deployment of web application directory /Users/Amy/Desktop/tomcat/webapps/manager has finished in 122 ms
12-Apr-2016 20:21:47.742 INFO [localhost-startStop-1] org.apache.catalina.startup.HostConfig.deployDirectory Deploying web application directory /Users/Amy/Desktop/tomcat/webapps/ROOT
12-Apr-2016 20:21:47.813 INFO [localhost-startStop-1] org.apache.catalina.startup.HostConfig.deployDirectory Deployment of web application directory /Users/Amy/Desktop/tomcat/webapps/ROOT has finished in 71 ms
12-Apr-2016 20:21:47.817 INFO [main] org.apache.coyote.AbstractProtocol.start Starting ProtocolHandler ["http-nio-8080"]
12-Apr-2016 20:21:47.826 INFO [main] org.apache.coyote.AbstractProtocol.start Starting ProtocolHandler ["ajp-nio-8009"]
12-Apr-2016 20:21:47.828 INFO [main] org.apache.catalina.startup.Catalina.start Server startup in 6551 ms
12-Apr-2016 20:31:18.078 INFO [localhost-startStop-2] org.apache.catalina.startup.HostConfig.deployDirectory Deploying web application directory /Users/Amy/Desktop/tomcat/webapps/hello
12-Apr-2016 20:31:18.258 INFO [localhost-startStop-2] org.apache.catalina.startup.HostConfig.deployDirectory Deployment of web application directory /Users/Amy/Desktop/tomcat/webapps/hello has finished in 180 ms
12-Apr-2016 20:48:08.767 INFO [ContainerBackgroundProcessor[StandardEngine[Catalina]]] org.apache.catalina.startup.HostConfig.undeploy Undeploying context [/host-manager]
12-Apr-2016 20:48:08.922 INFO [ContainerBackgroundProcessor[StandardEngine[Catalina]]] org.apache.catalina.startup.HostConfig.undeploy Undeploying context [/docs]
12-Apr-2016 20:48:08.930 INFO [ContainerBackgroundProcessor[StandardEngine[Catalina]]] org.apache.catalina.startup.HostConfig.undeploy Undeploying context []
12-Apr-2016 20:48:08.938 INFO [ContainerBackgroundProcessor[StandardEngine[Catalina]]] org.apache.catalina.startup.HostConfig.undeploy Undeploying context [/hello]
12-Apr-2016 20:48:08.947 INFO [ContainerBackgroundProcessor[StandardEngine[Catalina]]] org.apache.catalina.startup.HostConfig.undeploy Undeploying context [/examples]
12-Apr-2016 20:48:08.959 INFO [ContainerBackgroundProcessor[StandardEngine[Catalina]]] org.apache.catalina.startup.HostConfig.undeploy Undeploying context [/manager]
12-Apr-2016 20:48:08.967 INFO [localhost-startStop-3] org.apache.catalina.startup.HostConfig.deployDirectory Deploying web application directory /Users/Amy/Desktop/tomcat/webapps/docs
12-Apr-2016 20:48:09.027 INFO [localhost-startStop-3] org.apache.catalina.startup.HostConfig.deployDirectory Deployment of web application directory /Users/Amy/Desktop/tomcat/webapps/docs has finished in 61 ms
12-Apr-2016 20:48:09.027 INFO [localhost-startStop-3] org.apache.catalina.startup.HostConfig.deployDirectory Deploying web application directory /Users/Amy/Desktop/tomcat/webapps/examples
12-Apr-2016 20:48:09.446 INFO [localhost-startStop-3] org.apache.catalina.startup.HostConfig.deployDirectory Deployment of web application directory /Users/Amy/Desktop/tomcat/webapps/examples has finished in 419 ms
12-Apr-2016 20:48:09.446 INFO [localhost-startStop-3] org.apache.catalina.startup.HostConfig.deployDirectory Deploying web application directory /Users/Amy/Desktop/tomcat/webapps/hello
12-Apr-2016 20:48:09.475 INFO [localhost-startStop-3] org.apache.catalina.startup.HostConfig.deployDirectory Deployment of web application directory /Users/Amy/Desktop/tomcat/webapps/hello has finished in 29 ms
12-Apr-2016 20:48:09.475 INFO [localhost-startStop-3] org.apache.catalina.startup.HostConfig.deployDirectory Deploying web application directory /Users/Amy/Desktop/tomcat/webapps/host-manager
12-Apr-2016 20:48:09.535 INFO [localhost-startStop-3] org.apache.catalina.startup.HostConfig.deployDirectory Deployment of web application directory /Users/Amy/Desktop/tomcat/webapps/host-manager has finished in 60 ms
12-Apr-2016 20:48:09.535 INFO [localhost-startStop-3] org.apache.catalina.startup.HostConfig.deployDirectory Deploying web application directory /Users/Amy/Desktop/tomcat/webapps/manager
12-Apr-2016 20:48:09.620 INFO [localhost-startStop-3] org.apache.catalina.startup.HostConfig.deployDirectory Deployment of web application directory /Users/Amy/Desktop/tomcat/webapps/manager has finished in 85 ms
12-Apr-2016 20:48:09.620 INFO [localhost-startStop-3] org.apache.catalina.startup.HostConfig.deployDirectory Deploying web application directory /Users/Amy/Desktop/tomcat/webapps/ROOT
12-Apr-2016 20:48:09.675 INFO [localhost-startStop-3] org.apache.catalina.startup.HostConfig.deployDirectory Deployment of web application directory /Users/Amy/Desktop/tomcat/webapps/ROOT has finished in 55 ms
